<?xml version="1.0" encoding="UTF-8"?>
<!-- Generated by org.testng.reporters.JUnitXMLReporter -->
<testsuite hostname="DESKTOP-JK31C4D" ignored="28" name="Default test" tests="1" failures="1" timestamp="10 jun 2018 21:38:59 GMT" time="12.317" errors="0">
  <testcase name="test28" time="2.847" classname="testing.test.Examples">
    <failure type="java.awt.image.RasterFormatException" message="(x + width) is outside of Raster">
      <![CDATA[java.awt.image.RasterFormatException: (x + width) is outside of Raster
at sun.awt.image.ByteInterleavedRaster.createWritableChild(Unknown Source)
at java.awt.image.BufferedImage.getSubimage(Unknown Source)
at testing.test.ScreenMethod.captureElementPic(ScreenMethod.java:35)
at testing.test.Examples.test28(Examples.java:497)
at sun.reflect.NativeMethodAccessorImpl.invoke0(Native Method)
at sun.reflect.NativeMethodAccessorImpl.invoke(Unknown Source)
at sun.reflect.DelegatingMethodAccessorImpl.invoke(Unknown Source)
at java.lang.reflect.Method.invoke(Unknown Source)
at org.testng.internal.MethodInvocationHelper.invokeMethod(MethodInvocationHelper.java:124)
at org.testng.internal.Invoker.invokeMethod(Invoker.java:580)
at org.testng.internal.Invoker.invokeTestMethod(Invoker.java:716)
at org.testng.internal.Invoker.invokeTestMethods(Invoker.java:988)
at org.testng.internal.TestMethodWorker.invokeTestMethods(TestMethodWorker.java:125)
at org.testng.internal.TestMethodWorker.run(TestMethodWorker.java:109)
at org.testng.TestRunner.privateRun(TestRunner.java:648)
at org.testng.TestRunner.run(TestRunner.java:505)
at org.testng.SuiteRunner.runTest(SuiteRunner.java:455)
at org.testng.SuiteRunner.runSequentially(SuiteRunner.java:450)
at org.testng.SuiteRunner.privateRun(SuiteRunner.java:415)
at org.testng.SuiteRunner.run(SuiteRunner.java:364)
at org.testng.SuiteRunnerWorker.runSuite(SuiteRunnerWorker.java:52)
at org.testng.SuiteRunnerWorker.run(SuiteRunnerWorker.java:84)
at org.testng.TestNG.runSuitesSequentially(TestNG.java:1208)
at org.testng.TestNG.runSuitesLocally(TestNG.java:1137)
at org.testng.TestNG.runSuites(TestNG.java:1049)
at org.testng.TestNG.run(TestNG.java:1017)
at org.testng.remote.AbstractRemoteTestNG.run(AbstractRemoteTestNG.java:114)
at org.testng.remote.RemoteTestNG.initAndRun(RemoteTestNG.java:251)
at org.testng.remote.RemoteTestNG.main(RemoteTestNG.java:77)
]]>
    </failure>
  </testcase> <!-- test28 -->
  <testcase name="test14" time="0.0" classname="testing.test.Examples">
    <ignored/>
  </testcase> <!-- test14 -->
  <testcase name="test15" time="0.0" classname="testing.test.Examples">
    <ignored/>
  </testcase> <!-- test15 -->
  <testcase name="test16" time="0.0" classname="testing.test.Examples">
    <ignored/>
  </testcase> <!-- test16 -->
  <testcase name="test10" time="0.0" classname="testing.test.Examples">
    <ignored/>
  </testcase> <!-- test10 -->
  <testcase name="test11" time="0.0" classname="testing.test.Examples">
    <ignored/>
  </testcase> <!-- test11 -->
  <testcase name="test12" time="0.0" classname="testing.test.Examples">
    <ignored/>
  </testcase> <!-- test12 -->
  <testcase name="test13" time="0.0" classname="testing.test.Examples">
    <ignored/>
  </testcase> <!-- test13 -->
  <testcase name="test18" time="0.0" classname="testing.test.Examples">
    <ignored/>
  </testcase> <!-- test18 -->
  <testcase name="test19" time="0.0" classname="testing.test.Examples">
    <ignored/>
  </testcase> <!-- test19 -->
  <testcase name="test1" time="0.0" classname="testing.test.Examples">
    <ignored/>
  </testcase> <!-- test1 -->
  <testcase name="testDriver" time="0.0" classname="testing.test.Examples">
    <ignored/>
  </testcase> <!-- testDriver -->
  <testcase name="test25" time="0.0" classname="testing.test.Examples">
    <ignored/>
  </testcase> <!-- test25 -->
  <testcase name="test26" time="0.0" classname="testing.test.Examples">
    <ignored/>
  </testcase> <!-- test26 -->
  <testcase name="test27" time="0.0" classname="testing.test.Examples">
    <ignored/>
  </testcase> <!-- test27 -->
  <testcase name="test21" time="0.0" classname="testing.test.Examples">
    <ignored/>
  </testcase> <!-- test21 -->
  <testcase name="test22" time="0.0" classname="testing.test.Examples">
    <ignored/>
  </testcase> <!-- test22 -->
  <testcase name="test23" time="0.0" classname="testing.test.Examples">
    <ignored/>
  </testcase> <!-- test23 -->
  <testcase name="test24" time="0.0" classname="testing.test.Examples">
    <ignored/>
  </testcase> <!-- test24 -->
  <testcase name="test20" time="0.0" classname="testing.test.Examples">
    <ignored/>
  </testcase> <!-- test20 -->
  <testcase name="test4" time="0.0" classname="testing.test.Examples">
    <ignored/>
  </testcase> <!-- test4 -->
  <testcase name="test3" time="0.0" classname="testing.test.Examples">
    <ignored/>
  </testcase> <!-- test3 -->
  <testcase name="test6" time="0.0" classname="testing.test.Examples">
    <ignored/>
  </testcase> <!-- test6 -->
  <testcase name="test17" time="0.0" classname="testing.test.Examples">
    <ignored/>
  </testcase> <!-- test17 -->
  <testcase name="test5" time="0.0" classname="testing.test.Examples">
    <ignored/>
  </testcase> <!-- test5 -->
  <testcase name="test8" time="0.0" classname="testing.test.Examples">
    <ignored/>
  </testcase> <!-- test8 -->
  <testcase name="test7" time="0.0" classname="testing.test.Examples">
    <ignored/>
  </testcase> <!-- test7 -->
  <testcase name="test9" time="0.0" classname="testing.test.Examples">
    <ignored/>
  </testcase> <!-- test9 -->
  <testcase name="test2" time="0.0" classname="testing.test.Examples">
    <ignored/>
  </testcase> <!-- test2 -->
</testsuite> <!-- Default test -->
