<?xml version="1.0" encoding="UTF-8"?>
<!-- Generated by org.testng.reporters.JUnitXMLReporter -->
<testsuite hostname="DESKTOP-JK31C4D" ignored="18" name="Default test" tests="1" failures="0" timestamp="10 jun 2018 08:23:32 GMT" time="29.276" errors="0">
  <testcase name="test18" time="19.02" classname="testing.test.Examples"/>
  <testcase name="test14" time="0.0" classname="testing.test.Examples">
    <ignored/>
  </testcase> <!-- test14 -->
  <testcase name="test15" time="0.0" classname="testing.test.Examples">
    <ignored/>
  </testcase> <!-- test15 -->
  <testcase name="test16" time="0.0" classname="testing.test.Examples">
    <ignored/>
  </testcase> <!-- test16 -->
  <testcase name="test10" time="0.0" classname="testing.test.Examples">
    <ignored/>
  </testcase> <!-- test10 -->
  <testcase name="test11" time="0.0" classname="testing.test.Examples">
    <ignored/>
  </testcase> <!-- test11 -->
  <testcase name="test12" time="0.0" classname="testing.test.Examples">
    <ignored/>
  </testcase> <!-- test12 -->
  <testcase name="test13" time="0.0" classname="testing.test.Examples">
    <ignored/>
  </testcase> <!-- test13 -->
  <testcase name="test1" time="0.0" classname="testing.test.Examples">
    <ignored/>
  </testcase> <!-- test1 -->
  <testcase name="test4" time="0.0" classname="testing.test.Examples">
    <ignored/>
  </testcase> <!-- test4 -->
  <testcase name="test3" time="0.0" classname="testing.test.Examples">
    <ignored/>
  </testcase> <!-- test3 -->
  <testcase name="test6" time="0.0" classname="testing.test.Examples">
    <ignored/>
  </testcase> <!-- test6 -->
  <testcase name="test17" time="0.0" classname="testing.test.Examples">
    <ignored/>
  </testcase> <!-- test17 -->
  <testcase name="test5" time="0.0" classname="testing.test.Examples">
    <ignored/>
  </testcase> <!-- test5 -->
  <testcase name="test8" time="0.0" classname="testing.test.Examples">
    <ignored/>
  </testcase> <!-- test8 -->
  <testcase name="test7" time="0.0" classname="testing.test.Examples">
    <ignored/>
  </testcase> <!-- test7 -->
  <testcase name="test9" time="0.0" classname="testing.test.Examples">
    <ignored/>
  </testcase> <!-- test9 -->
  <testcase name="testDriver" time="0.0" classname="testing.test.Examples">
    <ignored/>
  </testcase> <!-- testDriver -->
  <testcase name="test2" time="0.0" classname="testing.test.Examples">
    <ignored/>
  </testcase> <!-- test2 -->
</testsuite> <!-- Default test -->
