<?xml version="1.0" encoding="UTF-8"?>
<testng-results skipped="0" failed="0" ignored="29" total="30" passed="1">
  <reporter-output>
  </reporter-output>
  <suite name="Default suite" duration-ms="10671" started-at="2018-06-10T23:43:13Z" finished-at="2018-06-10T23:43:23Z">
    <groups>
    </groups>
    <test name="Default test" duration-ms="10671" started-at="2018-06-10T23:43:13Z" finished-at="2018-06-10T23:43:23Z">
      <class name="testing.test.Examples">
        <test-method status="PASS" signature="setUP()[pri:0, instance:testing.test.Examples@57baeedf]" name="setUP" is-config="true" duration-ms="3483" started-at="2018-06-10T23:43:13Z" finished-at="2018-06-10T23:43:16Z">
          <reporter-output>
          </reporter-output>
        </test-method> <!-- setUP -->
        <test-method status="PASS" signature="test29()[pri:0, instance:testing.test.Examples@57baeedf]" name="test29" duration-ms="1381" started-at="2018-06-10T23:43:16Z" finished-at="2018-06-10T23:43:18Z">
          <reporter-output>
          </reporter-output>
        </test-method> <!-- test29 -->
        <test-method status="PASS" signature="cleanUp()[pri:0, instance:testing.test.Examples@57baeedf]" name="cleanUp" is-config="true" duration-ms="5760" started-at="2018-06-10T23:43:18Z" finished-at="2018-06-10T23:43:23Z">
          <reporter-output>
          </reporter-output>
        </test-method> <!-- cleanUp -->
      </class> <!-- testing.test.Examples -->
    </test> <!-- Default test -->
  </suite> <!-- Default suite -->
</testng-results>
